<?xml version="1.0" encoding="UTF-8"?>
<!-- Generated by org.testng.reporters.JUnitXMLReporter -->
<testsuite ignored="0" hostname="DESKTOP-7RM1ST6" failures="3" tests="19" name="Regression1" time="90.601" errors="0" timestamp="2020-06-29T22:22:54 IST">
  <testcase classname="Pkg1st.Selenium2" name="googletitle" time="0.004"/>
  <testcase classname="Pkg1st.GoogleTest" name="A" time="0.001"/>
  <testcase classname="Pkg1st.GoogleTest" name="A1" time="0.001"/>
  <testcase classname="Pkg1st.GoogleTest" name="login" time="0.006"/>
  <testcase classname="Pkg1st.GoogleTest" name="valdt" time="61.549">
    <failure type="org.openqa.selenium.NoSuchElementException" message="no such element: Unable to locate element: {&amp;quot;method&amp;quot;:&amp;quot;xpath&amp;quot;,&amp;quot;selector&amp;quot;:&amp;quot;/html/body/header/div/div/divul/li[1]&amp;quot;}
  (Session info: chrome=83.0.4103.116)
For documentation on this error, please visit: https://www.seleniumhq.org/exceptions/no_such_element.html
Build info: version: &amp;apos;3.141.59&amp;apos;, revision: &amp;apos;e82be7d358&amp;apos;, time: &amp;apos;2018-11-14T08:25:48&amp;apos;
System info: host: &amp;apos;DESKTOP-7RM1ST6&amp;apos;, ip: &amp;apos;172.20.10.3&amp;apos;, os.name: &amp;apos;Windows 10&amp;apos;, os.arch: &amp;apos;amd64&amp;apos;, os.version: &amp;apos;10.0&amp;apos;, java.version: &amp;apos;13.0.1&amp;apos;
Driver info: org.openqa.selenium.chrome.ChromeDriver
Capabilities {acceptInsecureCerts: false, browserName: chrome, browserVersion: 83.0.4103.116, chrome: {chromedriverVersion: 83.0.4103.39 (ccbf011cb2d2b..., userDataDir: C:\Users\UJJWAL~1\AppData\L...}, goog:chromeOptions: {debuggerAddress: localhost:61905}, javascriptEnabled: true, networkConnectionEnabled: false, pageLoadStrategy: normal, platform: WINDOWS, platformName: WINDOWS, proxy: Proxy(), setWindowRect: true, strictFileInteractability: false, timeouts: {implicit: 0, pageLoad: 300000, script: 30000}, unhandledPromptBehavior: dismiss and notify, webauthn:virtualAuthenticators: true}
Session ID: 7421631248055c6bb94639a11f7ffcad
*** Element info: {Using=xpath, value=/html/body/header/div/div/divul/li[1]}">
      <![CDATA[org.openqa.selenium.NoSuchElementException: no such element: Unable to locate element: {"method":"xpath","selector":"/html/body/header/div/div/divul/li[1]"}
  (Session info: chrome=83.0.4103.116)
For documentation on this error, please visit: https://www.seleniumhq.org/exceptions/no_such_element.html
Build info: version: '3.141.59', revision: 'e82be7d358', time: '2018-11-14T08:25:48'
System info: host: 'DESKTOP-7RM1ST6', ip: '172.20.10.3', os.name: 'Windows 10', os.arch: 'amd64', os.version: '10.0', java.version: '13.0.1'
Driver info: org.openqa.selenium.chrome.ChromeDriver
Capabilities {acceptInsecureCerts: false, browserName: chrome, browserVersion: 83.0.4103.116, chrome: {chromedriverVersion: 83.0.4103.39 (ccbf011cb2d2b..., userDataDir: C:\Users\UJJWAL~1\AppData\L...}, goog:chromeOptions: {debuggerAddress: localhost:61905}, javascriptEnabled: true, networkConnectionEnabled: false, pageLoadStrategy: normal, platform: WINDOWS, platformName: WINDOWS, proxy: Proxy(), setWindowRect: true, strictFileInteractability: false, timeouts: {implicit: 0, pageLoad: 300000, script: 30000}, unhandledPromptBehavior: dismiss and notify, webauthn:virtualAuthenticators: true}
Session ID: 7421631248055c6bb94639a11f7ffcad
*** Element info: {Using=xpath, value=/html/body/header/div/div/divul/li[1]}
at org.openqa.selenium.remote.http.W3CHttpResponseCodec.createException(W3CHttpResponseCodec.java:187)
at org.openqa.selenium.remote.http.W3CHttpResponseCodec.decode(W3CHttpResponseCodec.java:122)
at org.openqa.selenium.remote.http.W3CHttpResponseCodec.decode(W3CHttpResponseCodec.java:49)
at org.openqa.selenium.remote.HttpCommandExecutor.execute(HttpCommandExecutor.java:158)
at org.openqa.selenium.remote.service.DriverCommandExecutor.execute(DriverCommandExecutor.java:83)
at org.openqa.selenium.remote.RemoteWebDriver.execute(RemoteWebDriver.java:552)
at org.openqa.selenium.remote.RemoteWebDriver.findElement(RemoteWebDriver.java:323)
at org.openqa.selenium.remote.RemoteWebDriver.findElementByXPath(RemoteWebDriver.java:428)
at org.openqa.selenium.By$ByXPath.findElement(By.java:353)
at org.openqa.selenium.remote.RemoteWebDriver.findElement(RemoteWebDriver.java:315)
at Pkg1st.GoogleTest.valdt(GoogleTest.java:38)
at java.base/java.util.ArrayList.forEach(ArrayList.java:1507)
... Removed 32 stack frames]]>
    </failure>
  </testcase> <!-- valdt -->
  <testcase classname="Pkg1st.TestNGExa1" name="A1" time="0.001">
    <failure type="java.lang.ArithmeticException" message="/ by zero">
      <![CDATA[java.lang.ArithmeticException: / by zero
at Pkg1st.TestNGExa1.A1(TestNGExa1.java:13)
at java.base/java.util.ArrayList.forEach(ArrayList.java:1507)
... Removed 27 stack frames]]>
    </failure>
  </testcase> <!-- A1 -->
  <testcase classname="Pkg1st.TestNGExa1" name="A3" time="0.0">
    <skipped/>
  </testcase> <!-- A3 -->
  <testcase classname="Pkg1st.TestNGExa1" name="A2" time="0.0">
    <skipped/>
  </testcase> <!-- A2 -->
  <testcase classname="Pkg1st.CountTestNG" name="A1" time="0.001"/>
  <testcase classname="Pkg1st.CountTestNG" name="A1" time="0.002"/>
  <testcase classname="Pkg1st.CountTestNG" name="A1" time="0.001"/>
  <testcase classname="Pkg1st.CountTestNG" name="A1" time="0.001"/>
  <testcase classname="Pkg1st.CountTestNG" name="A1" time="0.001"/>
  <testcase classname="Pkg1st.CountTestNG" name="A1" time="0.001"/>
  <testcase classname="Pkg1st.CountTestNG" name="A1" time="0.002"/>
  <testcase classname="Pkg1st.CountTestNG" name="A1" time="0.001"/>
  <testcase classname="Pkg1st.CountTestNG" name="A1" time="0.001"/>
  <testcase classname="Pkg1st.CountTestNG" name="A1" time="0.001"/>
  <testcase classname="Pkg1st.timeTestNG" name="A1" time="2.005">
    <failure type="org.testng.internal.thread.ThreadTimeoutException" message="Method Pkg1st.timeTestNG.A1() didn&amp;apos;t finish within the time-out 2000">
      <![CDATA[org.testng.internal.thread.ThreadTimeoutException: Method Pkg1st.timeTestNG.A1() didn't finish within the time-out 2000
at java.base/java.util.ArrayList.forEach(ArrayList.java:1507)
... Removed 24 stack frames]]>
    </failure>
  </testcase> <!-- A1 -->
</testsuite> <!-- Regression1 -->
